This is pdfTeX, Version 3.141592653-2.6-1.40.25 (MiKTeX 23.4) (preloaded format=pdflatex 2024.2.1)  15 MAY 2024 02:43
entering extended mode
 restricted \write18 enabled.
 %&-line parsing enabled.
**./memoire.tex
(memoire.tex
LaTeX2e <2022-11-01> patch level 1
L3 programming layer <2023-03-30>
(C:\Users\pc\AppData\Local\Programs\MiKTeX\tex/latex/base\report.cls
Document Class: report 2022/07/02 v1.4n Standard LaTeX document class
(C:\Users\pc\AppData\Local\Programs\MiKTeX\tex/latex/base\size10.clo
File: size10.clo 2022/07/02 v1.4n Standard LaTeX file (size option)
)
\c@part=\count185
\c@chapter=\count186
\c@section=\count187
\c@subsection=\count188
\c@subsubsection=\count189
\c@paragraph=\count190
\c@subparagraph=\count191
\c@figure=\count192
\c@table=\count193
\abovecaptionskip=\skip48
\belowcaptionskip=\skip49
\bibindent=\dimen140
)
(C:\Users\pc\AppData\Local\Programs\MiKTeX\tex/latex/base\inputenc.sty
Package: inputenc 2021/02/14 v1.3d Input encoding file
\inpenc@prehook=\toks16
\inpenc@posthook=\toks17
)
(C:\Users\pc\AppData\Local\Programs\MiKTeX\tex/latex/base\fontenc.sty
Package: fontenc 2021/04/29 v2.0v Standard LaTeX package
)
(C:\Users\pc\AppData\Local\Programs\MiKTeX\tex/generic/babel\babel.sty
Package: babel 2023/03/28 3.87 The Babel package
\babel@savecnt=\count194
\U@D=\dimen141
\l@unhyphenated=\language79

(C:\Users\pc\AppData\Local\Programs\MiKTeX\tex/generic/babel\txtbabel.def)
\bbl@readstream=\read2
\bbl@dirlevel=\count195

*************************************
* Local config file bblopts.cfg used
*
(C:\Users\pc\AppData\Local\Programs\MiKTeX\tex/latex/arabi\bblopts.cfg
File: bblopts.cfg 2005/09/08 v0.1 add Arabic and Farsi to "declared" options of
 babel
)
(C:\Users\pc\AppData\Local\Programs\MiKTeX\tex/generic/babel-french\francais.ld
f
Language: francais 2023-12-19 v3.5r French support from the babel system


Package francais.ldf Warning: Option `francais' for Babel is *deprecated*,
(francais.ldf)                it might be removed sooner or later. Please
(francais.ldf)                use `french' instead; reported on input line 31.

(C:\Users\pc\AppData\Local\Programs\MiKTeX\tex/generic/babel-french\french.ldf
Language: french 2023-12-19 v3.5r French support from the babel system
Package babel Info: Hyphen rules for 'acadian' set to \l@french
(babel)             (\language22). Reported on input line 91.
Package babel Info: Hyphen rules for 'canadien' set to \l@french
(babel)             (\language22). Reported on input line 92.
\FB@stdchar=\count196
Package babel Info: Making : an active character on input line 420.
Package babel Info: Making ; an active character on input line 421.
Package babel Info: Making ! an active character on input line 422.
Package babel Info: Making ? an active character on input line 423.
\FBguill@level=\count197
\FBold@everypar=\toks18
\FB@Mht=\dimen142
\mc@charclass=\count198
\mc@charfam=\count199
\mc@charslot=\count266
\std@mcc=\count267
\dec@mcc=\count268
\FB@parskip=\dimen143
\listindentFB=\dimen144
\descindentFB=\dimen145
\labelindentFB=\dimen146
\labelwidthFB=\dimen147
\leftmarginFB=\dimen148
\parindentFFN=\dimen149
\FBfnindent=\dimen150
))) (C:\Users\pc\AppData\Local\Programs\MiKTeX\tex/latex/carlisle\scalefnt.sty)

(C:\Users\pc\AppData\Local\Programs\MiKTeX\tex/latex/graphics\keyval.sty
Package: keyval 2022/05/29 v1.15 key=value parser (DPC)
\KV@toks@=\toks19
)
(C:\Users\pc\AppData\Local\Programs\MiKTeX\tex/latex/fncychap\fncychap.sty
Package: fncychap 2007/07/30 v1.34 LaTeX package (Revised chapters)
\RW=\skip50
\mylen=\skip51
\myhi=\skip52
\px=\skip53
\py=\skip54
\pyy=\skip55
\pxx=\skip56
)
(C:\Users\pc\AppData\Local\Programs\MiKTeX\tex/latex/psnfss\mathpazo.sty
Package: mathpazo 2020/03/25 PSNFSS-v9.3 Palatino w/ Pazo Math (D.Puga, WaS) 
\symupright=\mathgroup4
)
(C:\Users\pc\AppData\Local\Programs\MiKTeX\tex/latex/wrapfig\wrapfig.sty
\wrapoverhang=\dimen151
\WF@size=\dimen152
\c@WF@wrappedlines=\count269
\WF@box=\box51
\WF@everypar=\toks20
Package: wrapfig 2003/01/31  v 3.6
)
(C:\Users\pc\AppData\Local\Programs\MiKTeX\tex/latex/graphics\graphicx.sty
Package: graphicx 2021/09/16 v1.2d Enhanced LaTeX Graphics (DPC,SPQR)

(C:\Users\pc\AppData\Local\Programs\MiKTeX\tex/latex/graphics\graphics.sty
Package: graphics 2022/03/10 v1.4e Standard LaTeX Graphics (DPC,SPQR)

(C:\Users\pc\AppData\Local\Programs\MiKTeX\tex/latex/graphics\trig.sty
Package: trig 2021/08/11 v1.11 sin cos tan (DPC)
)
(C:\Users\pc\AppData\Local\Programs\MiKTeX\tex/latex/graphics-cfg\graphics.cfg
File: graphics.cfg 2016/06/04 v1.11 sample graphics configuration
)
Package graphics Info: Driver file: pdftex.def on input line 107.
(C:\Users\pc\AppData\Local\Programs\MiKTeX\tex/latex/graphics-def\pdftex.def
File: pdftex.def 2022/09/22 v1.2b Graphics/color driver for pdftex
))
\Gin@req@height=\dimen153
\Gin@req@width=\dimen154
) (C:\Users\pc\AppData\Local\Programs\MiKTeX\tex/generic/soul\soul.sty
Package: soul 2023-06-14 v3.1 Permit use of UTF-8 characters in soul (HO)

(C:\Users\pc\AppData\Local\Programs\MiKTeX\tex/generic/soul\soul-ori.sty
Package: soul-ori 2023-06-14 v3.1 letterspacing/underlining (mf)
\SOUL@word=\toks21
\SOUL@lasttoken=\toks22
\SOUL@syllable=\toks23
\SOUL@cmds=\toks24
\SOUL@buffer=\toks25
\SOUL@token=\toks26
\SOUL@syllgoal=\dimen155
\SOUL@syllwidth=\dimen156
\SOUL@charkern=\dimen157
\SOUL@hyphkern=\dimen158
\SOUL@dimen=\dimen159
\SOUL@dimeni=\dimen160
\SOUL@minus=\count270
\SOUL@comma=\count271
\SOUL@apo=\count272
\SOUL@grave=\count273
\SOUL@spaceskip=\skip57
\SOUL@ttwidth=\dimen161
\SOUL@uldp=\dimen162
\SOUL@ulht=\dimen163
)
(C:\Users\pc\AppData\Local\Programs\MiKTeX\tex/generic/infwarerr\infwarerr.sty
Package: infwarerr 2019/12/03 v1.5 Providing info/warning/error messages (HO)
) (C:\Users\pc\AppData\Local\Programs\MiKTeX\tex/generic/etexcmds\etexcmds.sty
Package: etexcmds 2019/12/15 v1.7 Avoid name clashes with e-TeX commands (HO)

(C:\Users\pc\AppData\Local\Programs\MiKTeX\tex/generic/iftex\iftex.sty
Package: iftex 2022/02/03 v1.0f TeX engine tests
)))
(C:\Users\pc\AppData\Local\Programs\MiKTeX\tex/latex/hyperref\hyperref.sty
Package: hyperref 2023-02-07 v7.00v Hypertext links for LaTeX

(C:\Users\pc\AppData\Local\Programs\MiKTeX\tex/generic/ltxcmds\ltxcmds.sty
Package: ltxcmds 2023-12-04 v1.26 LaTeX kernel commands for general use (HO)
)
(C:\Users\pc\AppData\Local\Programs\MiKTeX\tex/generic/pdftexcmds\pdftexcmds.st
y
Package: pdftexcmds 2020-06-27 v0.33 Utility functions of pdfTeX for LuaTeX (HO
)
Package pdftexcmds Info: \pdf@primitive is available.
Package pdftexcmds Info: \pdf@ifprimitive is available.
Package pdftexcmds Info: \pdfdraftmode found.
) (C:\Users\pc\AppData\Local\Programs\MiKTeX\tex/latex/kvsetkeys\kvsetkeys.sty
Package: kvsetkeys 2022-10-05 v1.19 Key value parser (HO)
)
(C:\Users\pc\AppData\Local\Programs\MiKTeX\tex/generic/kvdefinekeys\kvdefinekey
s.sty
Package: kvdefinekeys 2019-12-19 v1.6 Define keys (HO)
)
(C:\Users\pc\AppData\Local\Programs\MiKTeX\tex/generic/pdfescape\pdfescape.sty
Package: pdfescape 2019/12/09 v1.15 Implements pdfTeX's escape features (HO)
) (C:\Users\pc\AppData\Local\Programs\MiKTeX\tex/latex/hycolor\hycolor.sty
Package: hycolor 2020-01-27 v1.10 Color options for hyperref/bookmark (HO)
)
(C:\Users\pc\AppData\Local\Programs\MiKTeX\tex/latex/letltxmacro\letltxmacro.st
y
Package: letltxmacro 2019/12/03 v1.6 Let assignment for LaTeX macros (HO)
) (C:\Users\pc\AppData\Local\Programs\MiKTeX\tex/latex/auxhook\auxhook.sty
Package: auxhook 2019-12-17 v1.6 Hooks for auxiliary files (HO)
)
(C:\Users\pc\AppData\Local\Programs\MiKTeX\tex/latex/hyperref\nameref.sty
Package: nameref 2022-05-17 v2.50 Cross-referencing by name of section

(C:\Users\pc\AppData\Local\Programs\MiKTeX\tex/latex/refcount\refcount.sty
Package: refcount 2019/12/15 v3.6 Data extraction from label references (HO)
)
(C:\Users\pc\AppData\Local\Programs\MiKTeX\tex/generic/gettitlestring\gettitles
tring.sty
Package: gettitlestring 2019/12/15 v1.6 Cleanup title references (HO)

(C:\Users\pc\AppData\Local\Programs\MiKTeX\tex/latex/kvoptions\kvoptions.sty
Package: kvoptions 2022-06-15 v3.15 Key value format for package options (HO)
))
\c@section@level=\count274
)
\@linkdim=\dimen164
\Hy@linkcounter=\count275
\Hy@pagecounter=\count276
(C:\Users\pc\AppData\Local\Programs\MiKTeX\tex/latex/hyperref\pd1enc.def
File: pd1enc.def 2023-02-07 v7.00v Hyperref: PDFDocEncoding definition (HO)
Now handling font encoding PD1 ...
... no UTF-8 mapping file for font encoding PD1
)
(C:\Users\pc\AppData\Local\Programs\MiKTeX\tex/generic/intcalc\intcalc.sty
Package: intcalc 2019/12/15 v1.3 Expandable calculations with integers (HO)
)
\Hy@SavedSpaceFactor=\count277

(C:\Users\pc\AppData\Local\Programs\MiKTeX\tex/latex/hyperref\puenc.def
File: puenc.def 2023-02-07 v7.00v Hyperref: PDF Unicode definition (HO)
Now handling font encoding PU ...
... no UTF-8 mapping file for font encoding PU
)
Package hyperref Info: Option `colorlinks' set `true' on input line 4060.
Package hyperref Info: Hyper figures OFF on input line 4177.
Package hyperref Info: Link nesting OFF on input line 4182.
Package hyperref Info: Hyper index ON on input line 4185.
Package hyperref Info: Plain pages OFF on input line 4192.
Package hyperref Info: Backreferencing OFF on input line 4197.
Package hyperref Info: Implicit mode ON; LaTeX internals redefined.
Package hyperref Info: Bookmarks ON on input line 4425.
\c@Hy@tempcnt=\count278

(C:\Users\pc\AppData\Local\Programs\MiKTeX\tex/latex/url\url.sty
\Urlmuskip=\muskip16
Package: url 2013/09/16  ver 3.4  Verb mode for urls, etc.
)
LaTeX Info: Redefining \url on input line 4763.
\XeTeXLinkMargin=\dimen165

(C:\Users\pc\AppData\Local\Programs\MiKTeX\tex/generic/bitset\bitset.sty
Package: bitset 2019/12/09 v1.3 Handle bit-vector datatype (HO)

(C:\Users\pc\AppData\Local\Programs\MiKTeX\tex/generic/bigintcalc\bigintcalc.st
y
Package: bigintcalc 2019/12/15 v1.5 Expandable calculations on big integers (HO
)
))
\Fld@menulength=\count279
\Field@Width=\dimen166
\Fld@charsize=\dimen167
Package hyperref Info: Hyper figures OFF on input line 6042.
Package hyperref Info: Link nesting OFF on input line 6047.
Package hyperref Info: Hyper index ON on input line 6050.
Package hyperref Info: backreferencing OFF on input line 6057.
Package hyperref Info: Link coloring ON on input line 6060.
Package hyperref Info: Link coloring with OCG OFF on input line 6067.
Package hyperref Info: PDF/A mode OFF on input line 6072.
 (C:\Users\pc\AppData\Local\Programs\MiKTeX\tex/latex/base\atbegshi-ltx.sty
Package: atbegshi-ltx 2021/01/10 v1.0c Emulation of the original atbegshi
package with kernel methods
)
\Hy@abspage=\count280
\c@Item=\count281
\c@Hfootnote=\count282
)
Package hyperref Info: Driver (autodetected): hpdftex.
 (C:\Users\pc\AppData\Local\Programs\MiKTeX\tex/latex/hyperref\hpdftex.def
File: hpdftex.def 2023-02-07 v7.00v Hyperref driver for pdfTeX

(C:\Users\pc\AppData\Local\Programs\MiKTeX\tex/latex/base\atveryend-ltx.sty
Package: atveryend-ltx 2020/08/19 v1.0a Emulation of the original atveryend pac
kage
with kernel methods
)
\Fld@listcount=\count283
\c@bookmark@seq@number=\count284

(C:\Users\pc\AppData\Local\Programs\MiKTeX\tex/latex/rerunfilecheck\rerunfilech
eck.sty
Package: rerunfilecheck 2022-07-10 v1.10 Rerun checks for auxiliary files (HO)

(C:\Users\pc\AppData\Local\Programs\MiKTeX\tex/generic/uniquecounter\uniquecoun
ter.sty
Package: uniquecounter 2019/12/15 v1.4 Provide unlimited unique counter (HO)
)
Package uniquecounter Info: New unique counter `rerunfilecheck' on input line 2
85.
)
\Hy@SectionHShift=\skip58
)
(C:\Users\pc\AppData\Local\Programs\MiKTeX\tex/latex/geometry\geometry.sty
Package: geometry 2020/01/02 v5.9 Page Geometry

(C:\Users\pc\AppData\Local\Programs\MiKTeX\tex/generic/iftex\ifvtex.sty
Package: ifvtex 2019/10/25 v1.7 ifvtex legacy package. Use iftex instead.
)
\Gm@cnth=\count285
\Gm@cntv=\count286
\c@Gm@tempcnt=\count287
\Gm@bindingoffset=\dimen168
\Gm@wd@mp=\dimen169
\Gm@odd@mp=\dimen170
\Gm@even@mp=\dimen171
\Gm@layoutwidth=\dimen172
\Gm@layoutheight=\dimen173
\Gm@layouthoffset=\dimen174
\Gm@layoutvoffset=\dimen175
\Gm@dimlist=\toks27

(C:\Users\pc\AppData\Local\Programs\MiKTeX\tex/latex/geometry\geometry.cfg))
(C:\Users\pc\AppData\Local\Programs\MiKTeX\tex/latex/parskip\parskip.sty
Package: parskip 2021-03-14 v2.0h non-zero parskip adjustments

(C:\Users\pc\AppData\Local\Programs\MiKTeX\tex/latex/etoolbox\etoolbox.sty
Package: etoolbox 2020/10/05 v2.5k e-TeX tools for LaTeX (JAW)
\etb@tempcnta=\count288
))
(C:\Users\pc\AppData\Local\Programs\MiKTeX\tex/latex/enumitem\enumitem.sty
Package: enumitem 2019/06/20 v3.9 Customized lists
\labelindent=\skip59
\enit@outerparindent=\dimen176
\enit@toks=\toks28
\enit@inbox=\box52
\enit@count@id=\count289
\enitdp@description=\count290
)
(C:\Users\pc\AppData\Local\Programs\MiKTeX\tex/latex/titlesec\titlesec.sty
Package: titlesec 2023/10/27 v2.16 Sectioning titles
\ttl@box=\box53
\beforetitleunit=\skip60
\aftertitleunit=\skip61
\ttl@plus=\dimen177
\ttl@minus=\dimen178
\ttl@toksa=\toks29
\titlewidth=\dimen179
\titlewidthlast=\dimen180
\titlewidthfirst=\dimen181
)
(C:\Users\pc\AppData\Local\Programs\MiKTeX\tex/latex/pdfpages\pdfpages.sty
Package: pdfpages 2024/01/21 v0.5y Insert pages of external PDF documents (AM)

(C:\Users\pc\AppData\Local\Programs\MiKTeX\tex/latex/base\ifthen.sty
Package: ifthen 2022/04/13 v1.1d Standard LaTeX ifthen package (DPC)
)
(C:\Users\pc\AppData\Local\Programs\MiKTeX\tex/latex/tools\calc.sty
Package: calc 2017/05/25 v4.3 Infix arithmetic (KKT,FJ)
\calc@Acount=\count291
\calc@Bcount=\count292
\calc@Adimen=\dimen182
\calc@Bdimen=\dimen183
\calc@Askip=\skip62
\calc@Bskip=\skip63
LaTeX Info: Redefining \setlength on input line 80.
LaTeX Info: Redefining \addtolength on input line 81.
\calc@Ccount=\count293
\calc@Cskip=\skip64
)
(C:\Users\pc\AppData\Local\Programs\MiKTeX\tex/latex/eso-pic\eso-pic.sty
Package: eso-pic 2023/05/03 v3.0c eso-pic (RN)
\ESO@tempdima=\dimen184
\ESO@tempdimb=\dimen185

(C:\Users\pc\AppData\Local\Programs\MiKTeX\tex/latex/xcolor\xcolor.sty
Package: xcolor 2022/06/12 v2.14 LaTeX color extensions (UK)

(C:\Users\pc\AppData\Local\Programs\MiKTeX\tex/latex/graphics-cfg\color.cfg
File: color.cfg 2016/01/02 v1.6 sample color configuration
)
Package xcolor Info: Driver file: pdftex.def on input line 227.

(C:\Users\pc\AppData\Local\Programs\MiKTeX\tex/latex/graphics\mathcolor.ltx)
Package xcolor Info: Model `cmy' substituted by `cmy0' on input line 1353.
Package xcolor Info: Model `hsb' substituted by `rgb' on input line 1357.
Package xcolor Info: Model `RGB' extended on input line 1369.
Package xcolor Info: Model `HTML' substituted by `rgb' on input line 1371.
Package xcolor Info: Model `Hsb' substituted by `hsb' on input line 1372.
Package xcolor Info: Model `tHsb' substituted by `hsb' on input line 1373.
Package xcolor Info: Model `HSB' substituted by `hsb' on input line 1374.
Package xcolor Info: Model `Gray' substituted by `gray' on input line 1375.
Package xcolor Info: Model `wave' substituted by `hsb' on input line 1376.
))
\AM@pagewidth=\dimen186
\AM@pageheight=\dimen187
\AM@fboxrule=\dimen188

(C:\Users\pc\AppData\Local\Programs\MiKTeX\tex/latex/pdfpages\pppdftex.def
File: pppdftex.def 2024/01/21 v0.5y Pdfpages driver for pdfTeX (AM)
)
\pdfpages@includegraphics@status=\count294
\AM@pagebox=\box54
\AM@global@opts=\toks30
\AM@pagecnt=\count295
\AM@toc@title=\toks31
\AM@lof@heading=\toks32
\c@AM@survey=\count296
\AM@templatesizebox=\box55
)
(C:\Users\pc\AppData\Local\Programs\MiKTeX\tex/latex/fancyhdr\fancyhdr.sty
Package: fancyhdr 2022/11/09 v4.1 Extensive control of page headers and footers

\f@nch@headwidth=\skip65
\f@nch@O@elh=\skip66
\f@nch@O@erh=\skip67
\f@nch@O@olh=\skip68
\f@nch@O@orh=\skip69
\f@nch@O@elf=\skip70
\f@nch@O@erf=\skip71
\f@nch@O@olf=\skip72
\f@nch@O@orf=\skip73
)
(C:\Users\pc\AppData\Local\Programs\MiKTeX\tex/latex/amsfonts\amssymb.sty
Package: amssymb 2013/01/14 v3.01 AMS font symbols

(C:\Users\pc\AppData\Local\Programs\MiKTeX\tex/latex/amsfonts\amsfonts.sty
Package: amsfonts 2013/01/14 v3.01 Basic AMSFonts support
\@emptytoks=\toks33
\symAMSa=\mathgroup5
\symAMSb=\mathgroup6
LaTeX Font Info:    Redeclaring math symbol \hbar on input line 98.
LaTeX Font Info:    Overwriting math alphabet `\mathfrak' in version `bold'
(Font)                  U/euf/m/n --> U/euf/b/n on input line 106.
))
(C:\Users\pc\AppData\Local\Programs\MiKTeX\tex/latex/multirow\multirow.sty
Package: multirow 2021/03/15 v2.8 Span multiple rows of a table
\multirow@colwidth=\skip74
\multirow@cntb=\count297
\multirow@dima=\skip75
\bigstrutjot=\dimen189
)
(C:\Users\pc\AppData\Local\Programs\MiKTeX\tex/latex/csquotes\csquotes.sty
Package: csquotes 2024-04-04 v5.2o context-sensitive quotations (JAW)
\csq@reset=\count298
\csq@gtype=\count299
\csq@glevel=\count300
\csq@qlevel=\count301
\csq@maxlvl=\count302
\csq@tshold=\count303
\csq@ltx@everypar=\toks34

(C:\Users\pc\AppData\Local\Programs\MiKTeX\tex/latex/csquotes\csquotes.def
File: csquotes.def 2024-04-04 v5.2o csquotes generic definitions (JAW)
)
Package csquotes Info: Trying to load configuration file 'csquotes.cfg'...
Package csquotes Info: ... configuration file loaded successfully.

(C:\Users\pc\AppData\Local\Programs\MiKTeX\tex/latex/csquotes\csquotes.cfg
File: csquotes.cfg 
))
Package csquotes Info: Checking for multilingual support...
Package csquotes Info: ... found 'babel' package.
Package csquotes Info: Adjusting default style.
Package csquotes Info: Redefining alias 'default' -> 'french'.
LaTeX Font Info:    Trying to load font information for T1+ppl on input line 28
.

(C:\Users\pc\AppData\Local\Programs\MiKTeX\tex/latex/psnfss\t1ppl.fd
File: t1ppl.fd 2001/06/04 font definitions for T1/ppl.
)
(C:\Users\pc\AppData\Local\Programs\MiKTeX\tex/latex/l3backend\l3backend-pdftex
.def
File: l3backend-pdftex.def 2023-03-30 L3 backend support: PDF output (pdfTeX)
\l__color_backend_stack_int=\count304
\l__pdf_internal_box=\box56
) (memoire.aux
(C:\Users\pc\AppData\Local\Programs\MiKTeX\tex/generic/babel/locale/fr\babel-fr
ench.tex
Package babel Info: Importing font and identification data for french
(babel)             from babel-fr.ini. Reported on input line 11.
)

LaTeX Warning: Label `b' multiply defined.


LaTeX Warning: Label `b' multiply defined.


LaTeX Warning: Label `b' multiply defined.


LaTeX Warning: Label `b' multiply defined.


LaTeX Warning: Label `f' multiply defined.


LaTeX Warning: Label `g' multiply defined.


LaTeX Warning: Label `g' multiply defined.

)
\openout1 = `memoire.aux'.

LaTeX Font Info:    Checking defaults for OML/cmm/m/it on input line 28.
LaTeX Font Info:    ... okay on input line 28.
LaTeX Font Info:    Checking defaults for OMS/cmsy/m/n on input line 28.
LaTeX Font Info:    ... okay on input line 28.
LaTeX Font Info:    Checking defaults for OT1/cmr/m/n on input line 28.
LaTeX Font Info:    ... okay on input line 28.
LaTeX Font Info:    Checking defaults for T1/cmr/m/n on input line 28.
LaTeX Font Info:    ... okay on input line 28.
LaTeX Font Info:    Checking defaults for TS1/cmr/m/n on input line 28.
LaTeX Font Info:    ... okay on input line 28.
LaTeX Font Info:    Checking defaults for OMX/cmex/m/n on input line 28.
LaTeX Font Info:    ... okay on input line 28.
LaTeX Font Info:    Checking defaults for U/cmr/m/n on input line 28.
LaTeX Font Info:    ... okay on input line 28.
LaTeX Font Info:    Checking defaults for PD1/pdf/m/n on input line 28.
LaTeX Font Info:    ... okay on input line 28.
LaTeX Font Info:    Checking defaults for PU/pdf/m/n on input line 28.
LaTeX Font Info:    ... okay on input line 28.
LaTeX Info: Redefining \degres on input line 28.
Package french.ldf Info: Setting StandardItemizeEnv=true for
(french.ldf)             compatibility with enumitem package,
(french.ldf)             reported on input line 28.
Package french.ldf Info: Setting StandardEnumerateEnv=true for
(french.ldf)             compatibility with enumitem package,
(french.ldf)             reported on input line 28.
LaTeX Info: Redefining \up on input line 28.
\big@size=\dimen190

(C:\Users\pc\AppData\Local\Programs\MiKTeX\tex/context/base/mkii\supp-pdf.mkii
[Loading MPS to PDF converter (version 2006.09.02).]
\scratchcounter=\count305
\scratchdimen=\dimen191
\scratchbox=\box57
\nofMPsegments=\count306
\nofMParguments=\count307
\everyMPshowfont=\toks35
\MPscratchCnt=\count308
\MPscratchDim=\dimen192
\MPnumerator=\count309
\makeMPintoPDFobject=\count310
\everyMPtoPDFconversion=\toks36
)
(C:\Users\pc\AppData\Local\Programs\MiKTeX\tex/latex/epstopdf-pkg\epstopdf-base
.sty
Package: epstopdf-base 2020-01-24 v2.11 Base part for package epstopdf
Package epstopdf-base Info: Redefining graphics rule for `.eps' on input line 4
85.

(C:\Users\pc\AppData\Local\Programs\MiKTeX\tex/latex/00miktex\epstopdf-sys.cfg
File: epstopdf-sys.cfg 2021/03/18 v2.0 Configuration of epstopdf for MiKTeX
))
Package hyperref Info: Link coloring ON on input line 28.
 (memoire.out) (memoire.out)
\@outlinefile=\write3
\openout3 = `memoire.out'.


*geometry* driver: auto-detecting
*geometry* detected driver: pdftex
*geometry* verbose mode - [ preamble ] result:
* driver: pdftex
* paper: a4paper
* layout: <same size as paper>
* layoutoffset:(h,v)=(0.0pt,0.0pt)
* modes: 
* h-part:(L,W,R)=(42.67914pt, 512.1496pt, 42.67914pt)
* v-part:(T,H,B)=(71.13188pt, 702.78308pt, 71.13188pt)
* \paperwidth=597.50787pt
* \paperheight=845.04684pt
* \textwidth=512.1496pt
* \textheight=702.78308pt
* \oddsidemargin=-29.59085pt
* \evensidemargin=-29.59085pt
* \topmargin=-38.1381pt
* \headheight=12.0pt
* \headsep=25.0pt
* \topskip=10.0pt
* \footskip=30.0pt
* \marginparwidth=65.0pt
* \marginparsep=11.0pt
* \columnsep=10.0pt
* \skip\footins=9.0pt plus 4.0pt minus 2.0pt
* \hoffset=0.0pt
* \voffset=0.0pt
* \mag=1000
* \@twocolumnfalse
* \@twosidefalse
* \@mparswitchfalse
* \@reversemarginfalse
* (1in=72.27pt=25.4mm, 1cm=28.453pt)

(C:\Users\pc\AppData\Local\Programs\MiKTeX\tex/latex/pdflscape\pdflscape.sty
Package: pdflscape 2022-10-27 v0.13 Display of landscape pages in PDF

(C:\Users\pc\AppData\Local\Programs\MiKTeX\tex/latex/pdflscape\pdflscape-nometa
data.sty
Package: pdflscape-nometadata 2022-10-28 v0.13 Display of landscape pages in PD
F (HO)

(C:\Users\pc\AppData\Local\Programs\MiKTeX\tex/latex/graphics\lscape.sty
Package: lscape 2020/05/28 v3.02 Landscape Pages (DPC)
)
Package pdflscape Info: Auto-detected driver: pdftex on input line 81.
))
<Page_garde.pdf, id=231, 597.50829pt x 845.0471pt>
File: Page_garde.pdf Graphic file (type pdf)
<use Page_garde.pdf>
Package pdftex.def Info: Page_garde.pdf  used on input line 29.
(pdftex.def)             Requested size: 597.50682pt x 845.04504pt.
File: Page_garde.pdf Graphic file (type pdf)
<use Page_garde.pdf>
Package pdftex.def Info: Page_garde.pdf  used on input line 29.
(pdftex.def)             Requested size: 597.50682pt x 845.04504pt.
<Page_garde.pdf, id=234, page=1, 597.50829pt x 845.0471pt>
File: Page_garde.pdf Graphic file (type pdf)
<use Page_garde.pdf, page 1>
Package pdftex.def Info: Page_garde.pdf , page1 used on input line 29.
(pdftex.def)             Requested size: 597.50682pt x 845.04504pt.
File: Page_garde.pdf Graphic file (type pdf)
<use Page_garde.pdf, page 1>
Package pdftex.def Info: Page_garde.pdf , page1 used on input line 29.
(pdftex.def)             Requested size: 597.53416pt x 845.08372pt.
File: Page_garde.pdf Graphic file (type pdf)
<use Page_garde.pdf, page 1>
Package pdftex.def Info: Page_garde.pdf , page1 used on input line 29.
(pdftex.def)             Requested size: 597.53416pt x 845.08372pt.
File: Page_garde.pdf Graphic file (type pdf)
<use Page_garde.pdf, page 1>
Package pdftex.def Info: Page_garde.pdf , page1 used on input line 29.
(pdftex.def)             Requested size: 597.53416pt x 845.08372pt.
File: Page_garde.pdf Graphic file (type pdf)
<use Page_garde.pdf, page 1>
Package pdftex.def Info: Page_garde.pdf , page1 used on input line 29.
(pdftex.def)             Requested size: 597.53416pt x 845.08372pt.

[1


 <./Page_garde.pdf{C:/Users/pc/AppData/Local/MiKTeX/fonts/map/pdftex/pdftex.map
}>] (memoire.toc
LaTeX Font Info:    Trying to load font information for OT1+ppl on input line 3
.

(C:\Users\pc\AppData\Local\Programs\MiKTeX\tex/latex/psnfss\ot1ppl.fd
File: ot1ppl.fd 2001/06/04 font definitions for OT1/ppl.
)
LaTeX Font Info:    Trying to load font information for OML+zplm on input line 
3.

(C:\Users\pc\AppData\Local\Programs\MiKTeX\tex/latex/psnfss\omlzplm.fd
File: omlzplm.fd 2002/09/08 Fontinst v1.914 font definitions for OML/zplm.
)
LaTeX Font Info:    Trying to load font information for OMS+zplm on input line 
3.

(C:\Users\pc\AppData\Local\Programs\MiKTeX\tex/latex/psnfss\omszplm.fd
File: omszplm.fd 2002/09/08 Fontinst v1.914 font definitions for OMS/zplm.
)
LaTeX Font Info:    Trying to load font information for OMX+zplm on input line 
3.

(C:\Users\pc\AppData\Local\Programs\MiKTeX\tex/latex/psnfss\omxzplm.fd
File: omxzplm.fd 2002/09/08 Fontinst v1.914 font definitions for OMX/zplm.
)
LaTeX Font Info:    Trying to load font information for OT1+zplm on input line 
3.

(C:\Users\pc\AppData\Local\Programs\MiKTeX\tex/latex/psnfss\ot1zplm.fd
File: ot1zplm.fd 2002/09/08 Fontinst v1.914 font definitions for OT1/zplm.
)
LaTeX Font Info:    Font shape `U/msa/m/n' will be
(Font)              scaled to size 10.42007pt on input line 3.
LaTeX Font Info:    Font shape `U/msa/m/n' will be
(Font)              scaled to size 7.91925pt on input line 3.
LaTeX Font Info:    Font shape `U/msa/m/n' will be
(Font)              scaled to size 6.25204pt on input line 3.
LaTeX Font Info:    Font shape `U/msb/m/n' will be
(Font)              scaled to size 10.42007pt on input line 3.
LaTeX Font Info:    Font shape `U/msb/m/n' will be
(Font)              scaled to size 7.91925pt on input line 3.
LaTeX Font Info:    Font shape `U/msb/m/n' will be
(Font)              scaled to size 6.25204pt on input line 3.

[1

{C:/Users/pc/AppData/Local/Programs/MiKTeX/fonts/enc/dvips/base/8r.enc}])
\tf@toc=\write4
\openout4 = `memoire.toc'.


pdfTeX warning (ext4): destination with the same identifier (name{page.}) has b
een already used, duplicate ignored
<to be read again> 
                   \relax 
l.40 \chapter
             *{Remerciements} [2]
Underfull \hbox (badness 10000) in paragraph at lines 43--44

 []


Overfull \hbox (0.42662pt too wide) in paragraph at lines 45--46
[]\T1/ppl/m/n/14.4 Toute notre re-con-nais-sance et toute notre gra-ti-tude von
t vers Mr Ka-cem CHERFA,
 []


Underfull \hbox (badness 10000) in paragraph at lines 45--46

 []


Underfull \hbox (badness 10000) in paragraph at lines 47--48

 []


Underfull \hbox (badness 10000) in paragraph at lines 49--50

 []


Underfull \hbox (badness 10000) in paragraph at lines 51--54

 []


Underfull \hbox (badness 10000) in paragraph at lines 55--58

 []


pdfTeX warning (ext4): destination with the same identifier (name{page.}) has b
een already used, duplicate ignored
<to be read again> 
                   \relax 
l.64 \chapter
             *{R√©sum√©} [3

]
LaTeX Font Info:    Trying to load font information for TS1+ppl on input line 7
1.

(C:\Users\pc\AppData\Local\Programs\MiKTeX\tex/latex/psnfss\ts1ppl.fd
File: ts1ppl.fd 2001/06/04 font definitions for TS1/ppl.
)
pdfTeX warning (ext4): destination with the same identifier (name{page.}) has b
een already used, duplicate ignored
<to be read again> 
                   \relax 
l.78 \chapter
             *{Abstract} [4

]
pdfTeX warning (ext4): destination with the same identifier (name{page.}) has b
een already used, duplicate ignored
<to be read again> 
                   \relax 
l.98 \chapter
             *{Introduction g√©n√©rale} [5

]
Overfull \hbox (0.17355pt too wide) in paragraph at lines 100--102
[]\T1/ppl/m/n/10 L'informatique est un do-maine d'ac-ti-vitÈ scien-ti-fique, te
ch-nique et in-dus-triel dont les champs d'ap-pli-ca-tion ne cessent
 []


pdfTeX warning (ext4): destination with the same identifier (name{page.1}) has 
been already used, duplicate ignored
<to be read again> 
                   \relax 
l.127 \chapter
              {√âtude de Cas} [1

]
Chapitre 1.
LaTeX Font Info:    Trying to load font information for OT1+phv on input line 1
27.
(C:\Users\pc\AppData\Local\Programs\MiKTeX\tex/latex/psnfss\ot1phv.fd
File: ot1phv.fd 2020/03/25 scalable font definitions for OT1/phv.
)
LaTeX Font Info:    Trying to load font information for OT1+ptm on input line 1
27.

(C:\Users\pc\AppData\Local\Programs\MiKTeX\tex/latex/psnfss\ot1ptm.fd
File: ot1ptm.fd 2001/06/04 font definitions for OT1/ptm.
) [2

]

LaTeX Warning: Citation `Prof. Dr. Guibin Jiang and Prof. Dr. Hongqiang Ren' on
 page 3 undefined on input line 138.


LaTeX Warning: Citation `2022' on page 3 undefined on input line 138.


LaTeX Warning: Citation `HAL' on page 3 undefined on input line 142.


LaTeX Warning: Citation `2013' on page 3 undefined on input line 142.

No file memoire.bbl.

LaTeX Warning: Citation `web 1: www.nrdc.org' on page 3 undefined on input line
 151.


LaTeX Warning: Citation `web 2 : www.notre-environnement.gouv.fr' on page 3 und
efined on input line 157.


Package fancyhdr Warning: \headheight is too small (12.0pt): 
(fancyhdr)                Make it at least 12.77002pt, for example:
(fancyhdr)                \setlength{\headheight}{12.77002pt}.
(fancyhdr)                You might also make \topmargin smaller to compensate:

(fancyhdr)                \addtolength{\topmargin}{-0.77002pt}.

[3]

LaTeX Warning: Citation `web 3 : www.ecologie.gouv.fr' on page 4 undefined on i
nput line 162.


LaTeX Warning: Citation `HAL' on page 4 undefined on input line 166.


LaTeX Warning: Citation `Mathilde Mauger Vauglin and al.' on page 4 undefined o
n input line 166.


LaTeX Warning: Citation `2023' on page 4 undefined on input line 166.


LaTeX Warning: Citation `web 4 : www.narasolar.com' on page 4 undefined on inpu
t line 171.


LaTeX Warning: Citation `web 5 : www.narasolar.com' on page 4 undefined on inpu
t line 175.


Package fancyhdr Warning: \headheight is too small (12.0pt): 
(fancyhdr)                Make it at least 12.77002pt, for example:
(fancyhdr)                \setlength{\headheight}{12.77002pt}.
(fancyhdr)                You might also make \topmargin smaller to compensate:

(fancyhdr)                \addtolength{\topmargin}{-0.77002pt}.

[4]

LaTeX Warning: Citation `WHO' on page 5 undefined on input line 198.


LaTeX Warning: Citation `www.who.int ' on page 5 undefined on input line 205.


LaTeX Warning: Citation `OMS 2021' on page 5 undefined on input line 205.


Underfull \hbox (badness 3769) in paragraph at lines 242--243
[]\T1/ppl/m/n/10 les PM2.5 ont un dia-
 []


Underfull \hbox (badness 10000) in paragraph at lines 242--243
\T1/ppl/m/n/10 infÈrieur ‡ 2,5 mi-cro-
 []


Underfull \hbox (badness 3386) in paragraph at lines 245--245
[]\T1/ppl/m/n/10 Les PM10 ont un dia-
 []


Underfull \hbox (badness 1275) in paragraph at lines 245--245
\T1/ppl/m/n/10 elles sont dites ^^S res-pi-
 []


Underfull \hbox (badness 1127) in paragraph at lines 247--247
[]\T1/ppl/m/n/10 L'ozone est un pol-luant
 []


Underfull \hbox (badness 10000) in paragraph at lines 249--249
\T1/ppl/m/n/10 Èmis lors des phÈ-no-
 []


Underfull \hbox (badness 3323) in paragraph at lines 251--251
\T1/ppl/m/n/10 l'uti-li-sa-tion de com-bus-
 []


Underfull \hbox (badness 5302) in paragraph at lines 251--251
\T1/ppl/m/n/10 tibles sou-frÈs (char-bon,
 []


Underfull \hbox (badness 10000) in paragraph at lines 253--255
\T1/ppl/m/n/10 toxique et po-ten-tiel-le-
 []


Underfull \hbox (badness 1062) in paragraph at lines 253--255
\T1/ppl/m/n/10 ment mor-tel qui rÈ-sulte
 []


Package fancyhdr Warning: \headheight is too small (12.0pt): 
(fancyhdr)                Make it at least 12.77002pt, for example:
(fancyhdr)                \setlength{\headheight}{12.77002pt}.
(fancyhdr)                You might also make \topmargin smaller to compensate:

(fancyhdr)                \addtolength{\topmargin}{-0.77002pt}.

[5]

Package fancyhdr Warning: \headheight is too small (12.0pt): 
(fancyhdr)                Make it at least 12.77002pt, for example:
(fancyhdr)                \setlength{\headheight}{12.77002pt}.
(fancyhdr)                You might also make \topmargin smaller to compensate:

(fancyhdr)                \addtolength{\topmargin}{-0.77002pt}.

[6]
<images/circle.PNG, id=369, 540.51938pt x 327.2225pt>
File: images/circle.PNG Graphic file (type png)
<use images/circle.PNG>
Package pdftex.def Info: images/circle.PNG  used on input line 267.
(pdftex.def)             Requested size: 297.3278pt x 180.0pt.


LaTeX Warning: Citation `Nathalie Ruaux - Sant√© et pollution atmosph√©rique-27
 Juillet 2017' on page 7 undefined on input line 274.


LaTeX Warning: Citation `OMS-2023' on page 7 undefined on input line 282.


Package fancyhdr Warning: \headheight is too small (12.0pt): 
(fancyhdr)                Make it at least 12.77002pt, for example:
(fancyhdr)                \setlength{\headheight}{12.77002pt}.
(fancyhdr)                You might also make \topmargin smaller to compensate:

(fancyhdr)                \addtolength{\topmargin}{-0.77002pt}.

[7 <./images/circle.PNG>]

LaTeX Warning: Citation `' on page 8 undefined on input line 317.


Package fancyhdr Warning: \headheight is too small (12.0pt): 
(fancyhdr)                Make it at least 12.77002pt, for example:
(fancyhdr)                \setlength{\headheight}{12.77002pt}.
(fancyhdr)                You might also make \topmargin smaller to compensate:

(fancyhdr)                \addtolength{\topmargin}{-0.77002pt}.

[8]
Overfull \hbox (5.4923pt too wide) in paragraph at lines 351--351
[][]| 
 []


Overfull \hbox (1.98627pt too wide) in paragraph at lines 352--352
[]\T1/ppl/m/n/10 Capteur
 []


Underfull \hbox (badness 10000) in paragraph at lines 352--352
\T1/ppl/m/n/10 in-tel-li-
 []


Overfull \hbox (1.98627pt too wide) in paragraph at lines 352--352
[]\T1/ppl/m/n/10 Capteur
 []


Underfull \hbox (badness 10000) in paragraph at lines 352--352
\T1/ppl/m/n/10 non
 []


Underfull \hbox (badness 10000) in paragraph at lines 352--352
\T1/ppl/m/n/10 in-tel-li-
 []


Overfull \hbox (1.9103pt too wide) in paragraph at lines 352--352
[]\T1/ppl/m/n/10 LoRa| 
 []


Underfull \hbox (badness 10000) in paragraph at lines 352--352
[]\T1/ppl/m/n/10 Strea-
 []


Underfull \hbox (badness 10000) in paragraph at lines 352--352
\T1/ppl/m/n/10 ming
 []


Overfull \hbox (3.2902pt too wide) in paragraph at lines 352--352
[]\T1/ppl/m/n/10 Batch
 []


Overfull \hbox (5.45221pt too wide) in paragraph at lines 352--352
[]\T1/ppl/m/n/10 Mobile| 
 []


Overfull \hbox (4.1933pt too wide) in paragraph at lines 352--352
[]\T1/ppl/m/n/10 Fixe| 
 []


Overfull \hbox (1.34358pt too wide) in paragraph at lines 352--352
[]\T1/ppl/m/n/10 ML| 
 []


Overfull \hbox (2.60677pt too wide) in paragraph at lines 352--352
[]\T1/ppl/m/n/10 Mobile
 []


Underfull \hbox (badness 10000) in paragraph at lines 352--352
[]\T1/ppl/m/n/10 Web
 []


Overfull \hbox (3.63403pt too wide) in paragraph at lines 353--354
[]\T1/ppl/b/n/10 d'application| 
 []


Overfull \hbox (11.94368pt too wide) in paragraph at lines 356--357
[]\T1/ppl/m/n/10 Environnement
 []


Overfull \hbox (11.94368pt too wide) in paragraph at lines 360--361
[]\T1/ppl/m/n/10 Environnement
 []


Overfull \hbox (11.94368pt too wide) in paragraph at lines 364--365
[]\T1/ppl/m/n/10 Environnement
 []


Underfull \hbox (badness 10000) in paragraph at lines 364--365
\T1/ppl/m/n/10 ,L'agri-cul-
 []


Overfull \hbox (33.46771pt too wide) in paragraph at lines 349--367
 [][] 
 []


Package fancyhdr Warning: \headheight is too small (12.0pt): 
(fancyhdr)                Make it at least 12.77002pt, for example:
(fancyhdr)                \setlength{\headheight}{12.77002pt}.
(fancyhdr)                You might also make \topmargin smaller to compensate:

(fancyhdr)                \addtolength{\topmargin}{-0.77002pt}.

[9]

Package fancyhdr Warning: \headheight is too small (12.0pt): 
(fancyhdr)                Make it at least 12.77002pt, for example:
(fancyhdr)                \setlength{\headheight}{12.77002pt}.
(fancyhdr)                You might also make \topmargin smaller to compensate:

(fancyhdr)                \addtolength{\topmargin}{-0.77002pt}.

[10]
Chapitre 2.
[11

]

LaTeX Warning: Citation `Ershad Ali ' on page 12 undefined on input line 398.


LaTeX Warning: Citation `2020' on page 12 undefined on input line 398.


LaTeX Warning: Citation `Jalal Safari Bazargani and al.' on page 12 undefined o
n input line 402.


LaTeX Warning: Citation `2021' on page 12 undefined on input line 402.


LaTeX Warning: Citation `√áetin √ñnder ƒ∞ncekara' on page 12 undefined on input
 line 408.


LaTeX Warning: Citation `2023' on page 12 undefined on input line 408.

[12]

LaTeX Warning: Citation `Hesna Mrabti-Proposition d‚Äôune annotation s√©mantiqu
e des donn√©es issues d‚ÄôIoT-juin 2022' on page 13 undefined on input line 415
.


LaTeX Warning: Citation `Web 6 : iotindustriel.com' on page 13 undefined on inp
ut line 425.

<images/iot-archi.png, id=400, 402.50375pt x 350.81062pt>
File: images/iot-archi.png Graphic file (type png)
<use images/iot-archi.png>
Package pdftex.def Info: images/iot-archi.png  used on input line 428.
(pdftex.def)             Requested size: 299.9977pt x 300.02113pt.

LaTeX Warning: Citation `Web 6 : iotindustriel.com' on page 13 undefined on inp
ut line 429.


Underfull \hbox (badness 10000) in paragraph at lines 435--436

 []

[13 <./images/iot-archi.png>]

LaTeX Warning: Citation `Web 6 : iotindustriel.com' on page 14 undefined on inp
ut line 440.


Underfull \hbox (badness 10000) in paragraph at lines 439--441

 []

<images/capteur.jpg, id=408, 526.96875pt x 526.96875pt>
File: images/capteur.jpg Graphic file (type jpg)
<use images/capteur.jpg>
Package pdftex.def Info: images/capteur.jpg  used on input line 444.
(pdftex.def)             Requested size: 249.99916pt x 249.99916pt.

LaTeX Warning: Citation `Web 7 :www.ip-systemes.com' on page 14 undefined on in
put line 445.


Underfull \hbox (badness 10000) in paragraph at lines 448--450

 []


Underfull \hbox (badness 10000) in paragraph at lines 455--456

 []


LaTeX Warning: Citation `Bilal Benamrouche' on page 14 undefined on input line 
459.


LaTeX Warning: Citation `2018' on page 14 undefined on input line 459.


Underfull \hbox (badness 10000) in paragraph at lines 461--463

 []

[14 <./images/capteur.jpg>]
Underfull \hbox (badness 10000) in paragraph at lines 466--469

 []


Underfull \hbox (badness 10000) in paragraph at lines 478--479

 []


Underfull \hbox (badness 10000) in paragraph at lines 482--483

 []

<images/gis-iot.png, id=418, 498.36188pt x 381.425pt>
File: images/gis-iot.png Graphic file (type png)
<use images/gis-iot.png>
Package pdftex.def Info: images/gis-iot.png  used on input line 493.
(pdftex.def)             Requested size: 300.008pt x 300.01292pt.

LaTeX Warning: Citation `[√áetin √ñnder ƒ∞ncekara et al.' on page 15 undefined 
on input line 494.


LaTeX Warning: Citation `Internet of Things (IoT) in GIS' on page 15 undefined 
on input line 494.


LaTeX Warning: Citation `5 mars 2023' on page 15 undefined on input line 494.


LaTeX Warning: `h' float specifier changed to `ht'.


Underfull \hbox (badness 10000) in paragraph at lines 498--499

 []


Underfull \hbox (badness 10000) in paragraph at lines 500--501

 []

[15]
Underfull \hbox (badness 10000) in paragraph at lines 504--505

 []


Underfull \hbox (badness 10000) in paragraph at lines 510--511

 []


LaTeX Warning: Citation `Marina Ptiƒçek and Boris Vrdoljak ' on page 16 undefin
ed on input line 512.


LaTeX Warning: Citation `2017' on page 16 undefined on input line 512.


Underfull \hbox (badness 10000) in paragraph at lines 512--521

 []

[16 <./images/gis-iot.png>]

LaTeX Warning: Citation `Wingerath et al.' on page 17 undefined on input line 5
28.


LaTeX Warning: Citation `Real-time streaming analytics for Big Data' on page 17
 undefined on input line 528.


LaTeX Warning: Citation `2016' on page 17 undefined on input line 528.

<images/lamda.png, id=432, 130.98938pt x 226.34563pt>
File: images/lamda.png Graphic file (type png)
<use images/lamda.png>
Package pdftex.def Info: images/lamda.png  used on input line 533.
(pdftex.def)             Requested size: 200.00533pt x 299.99976pt.

LaTeX Warning: Citation `[Wingerath et al.' on page 17 undefined on input line 
534.


LaTeX Warning: Citation `2016' on page 17 undefined on input line 534.

[17 <./images/lamda.png>]
Underfull \hbox (badness 10000) in paragraph at lines 538--539

 []


Underfull \hbox (badness 10000) in paragraph at lines 540--541

 []


Underfull \hbox (badness 10000) in paragraph at lines 542--543

 []


LaTeX Warning: Citation `[Wingerath et al.' on page 18 undefined on input line 
545.


LaTeX Warning: Citation `2016' on page 18 undefined on input line 545.


Underfull \hbox (badness 10000) in paragraph at lines 547--548

 []


LaTeX Warning: Citation `Wingerath et al.' on page 18 undefined on input line 5
50.


LaTeX Warning: Citation `2016' on page 18 undefined on input line 550.

<images/kafka.png, id=439, 142.03062pt x 256.45813pt>
File: images/kafka.png Graphic file (type png)
<use images/kafka.png>
Package pdftex.def Info: images/kafka.png  used on input line 555.
(pdftex.def)             Requested size: 200.02045pt x 300.01956pt.

LaTeX Warning: Citation `[Wingerath et al.' on page 18 undefined on input line 
556.


LaTeX Warning: Citation `2016' on page 18 undefined on input line 556.

[18 <./images/kafka.png>]
Underfull \hbox (badness 10000) in paragraph at lines 564--566

 []


Underfull \hbox (badness 10000) in paragraph at lines 568--569

 []


Underfull \hbox (badness 10000) in paragraph at lines 573--574

 []


LaTeX Warning: Citation `Marina Ptiƒçek and Boris Vrdoljak ' on page 19 undefin
ed on input line 583.


LaTeX Warning: Citation `2017' on page 19 undefined on input line 583.

<images/dataware.png, id=446, 377.91188pt x 180.675pt>
File: images/dataware.png Graphic file (type png)
<use images/dataware.png>
Package pdftex.def Info: images/dataware.png  used on input line 590.
(pdftex.def)             Requested size: 300.00026pt x 200.00023pt.

LaTeX Warning: Citation `C√©cile Favre et al.' on page 19 undefined on input li
ne 591.


LaTeX Warning: Citation `January 2013' on page 19 undefined on input line 591.


LaTeX Warning: Citation `Marzieh Derakhshannia' on page 19 undefined on input l
ine 600.


LaTeX Warning: Citation `2022' on page 19 undefined on input line 600.


Underfull \hbox (badness 10000) in paragraph at lines 600--601

 []

[19 <./images/dataware.png>]
<images/datalake2.png, id=454, 368.87813pt x 164.615pt>
File: images/datalake2.png Graphic file (type png)
<use images/datalake2.png>
Package pdftex.def Info: images/datalake2.png  used on input line 605.
(pdftex.def)             Requested size: 229.99664pt x 200.00612pt.


LaTeX Warning: Citation `Franck Ravat et Yan ZhaoData' on page 20 undefined on 
input line 606.


LaTeX Warning: Citation `2019' on page 20 undefined on input line 606.


Underfull \hbox (badness 10000) in paragraph at lines 623--623
[]\T1/ppl/m/n/10 Zone d'ac-cËs (Acess
 []


Underfull \hbox (badness 10000) in paragraph at lines 625--625
[]\T1/ppl/m/n/10 Zone de gou-ver-nance
 []

[20 <./images/datalake2.png>]

LaTeX Warning: Citation `[Christian Janiesch and al' on page 21 undefined on in
put line 635.


LaTeX Warning: Citation `2021]' on page 21 undefined on input line 635.

<images/ml.png, id=462, 525.965pt x 334.75063pt>
File: images/ml.png Graphic file (type png)
<use images/ml.png>
Package pdftex.def Info: images/ml.png  used on input line 641.
(pdftex.def)             Requested size: 300.01183pt x 250.01012pt.

LaTeX Warning: Citation `Mohammad Mustafa Taye' on page 21 undefined on input l
ine 642.


LaTeX Warning: Citation `2023' on page 21 undefined on input line 642.


Overfull \hbox (3.47575pt too wide) in paragraph at lines 646--647
[]\T1/ppl/b/n/10 L'apprentissage su-per-visÈ (Su-per-vi-sed lear-ning) : \T1/pp
l/m/n/10 nÈ-ces-site un en-semble de don-nÈes d'en-traÓ-ne-ment qui couvre
 []


Underfull \hbox (badness 10000) in paragraph at lines 646--647

 []


Overfull \hbox (9.10423pt too wide) in paragraph at lines 647--648
\T1/ppl/m/n/10 censÈ dÈ-tec-ter des mo-tifs sans Èti-quettes prÈ-exis-tantes ou
 spÈ-ci-fi-ca-tions. Les don-nÈes d'en-traÓ-ne-ment ne consistent
 []


Underfull \hbox (badness 10000) in paragraph at lines 647--648

 []

[21 <./images/ml.png>]
Underfull \hbox (badness 10000) in paragraph at lines 649--650

 []


LaTeX Warning: Citation `Christian Janiesch1 and al' on page 22 undefined on in
put line 650.


LaTeX Warning: Citation `2021' on page 22 undefined on input line 650.


LaTeX Warning: Citation `Mohammad Mustafa Taye' on page 22 undefined on input l
ine 654.


LaTeX Warning: Citation `2023' on page 22 undefined on input line 654.


Underfull \hbox (badness 10000) in paragraph at lines 654--655

 []


Underfull \hbox (badness 10000) in paragraph at lines 659--660

 []


Underfull \hbox (badness 10000) in paragraph at lines 661--662

 []


Underfull \hbox (badness 10000) in paragraph at lines 663--664

 []


Underfull \hbox (badness 10000) in paragraph at lines 665--666

 []

[22]
Underfull \hbox (badness 10000) in paragraph at lines 672--673

 []


LaTeX Warning: Citation `Tehseen Mazhar and al ' on page 23 undefined on input 
line 687.


LaTeX Warning: Citation `2023' on page 23 undefined on input line 687.


LaTeX Warning: Citation `Tehseen Mazhar and al ' on page 23 undefined on input 
line 693.


LaTeX Warning: Citation `2023' on page 23 undefined on input line 693.


LaTeX Warning: Citation `web 7 : blog.sinatechnologie.com' on page 23 undefined
 on input line 696.

<images/RN.png, id=478, 405.01312pt x 238.39063pt>
File: images/RN.png Graphic file (type png)
<use images/RN.png>
Package pdftex.def Info: images/RN.png  used on input line 699.
(pdftex.def)             Requested size: 350.01016pt x 250.01561pt.

LaTeX Warning: Citation `web 7 : blog.sinatechnologie.com' on page 23 undefined
 on input line 700.

[23 <./images/RN.png>]
Underfull \hbox (badness 10000) in paragraph at lines 704--706

 []


LaTeX Warning: Citation `web 7 : blog.sinatechnologie.com' on page 24 undefined
 on input line 707.

<images/DNA.png, id=490, 352.81813pt x 188.705pt>
File: images/DNA.png Graphic file (type png)
<use images/DNA.png>
Package pdftex.def Info: images/DNA.png  used on input line 710.
(pdftex.def)             Requested size: 350.00165pt x 250.00125pt.

LaTeX Warning: Citation `web 7 : blog.sinatechnologie.com' on page 24 undefined
 on input line 711.

[24 <./images/DNA.png>] [25]
Underfull \hbox (badness 10000) in paragraph at lines 735--736

 []


Underfull \hbox (badness 10000) in paragraph at lines 736--737

 []


Underfull \hbox (badness 10000) in paragraph at lines 737--738

 []


Underfull \hbox (badness 10000) in paragraph at lines 738--739

 []


Underfull \hbox (badness 10000) in paragraph at lines 739--740

 []


Underfull \hbox (badness 10000) in paragraph at lines 740--741

 []


Overfull \hbox (48.22903pt too wide) in paragraph at lines 741--742
[]\T1/ppl/b/n/12 Dem_appro \T1/ppl/m/n/12 ( []ref_appro , type_prestation , de-
sign_prestation , mon-tant_max,montant_min, date_insertion
 []


Underfull \hbox (badness 10000) in paragraph at lines 741--742

 []


Underfull \hbox (badness 10000) in paragraph at lines 742--743

 []


Underfull \hbox (badness 10000) in paragraph at lines 743--744

 []


Underfull \hbox (badness 10000) in paragraph at lines 744--745

 []


Overfull \hbox (19.99298pt too wide) in paragraph at lines 745--746
[]\T1/ppl/b/n/12 Contrat \T1/ppl/m/n/12 ( []ref_contrat , de-sign_contrat , mon
-tant , de-vice , date_debut , id_fournisseur*, ref_operation*
 []


Underfull \hbox (badness 10000) in paragraph at lines 745--746

 []


Underfull \hbox (badness 10000) in paragraph at lines 746--747

 []

[26]
Chapitre 3.
[27

]
Underfull \hbox (badness 10000) in paragraph at lines 758--761

 []


Underfull \hbox (badness 10000) in paragraph at lines 762--764

 []


Underfull \hbox (badness 10000) in paragraph at lines 764--765

 []


Underfull \hbox (badness 10000) in paragraph at lines 765--766

 []


Underfull \hbox (badness 10000) in paragraph at lines 766--767

 []


LaTeX Warning: Citation `tier' on page 28 undefined on input line 776.


Package fancyhdr Warning: \headheight is too small (12.0pt): 
(fancyhdr)                Make it at least 12.77002pt, for example:
(fancyhdr)                \setlength{\headheight}{12.77002pt}.
(fancyhdr)                You might also make \topmargin smaller to compensate:

(fancyhdr)                \addtolength{\topmargin}{-0.77002pt}.

[28]
Underfull \hbox (badness 10000) in paragraph at lines 783--784

 []


LaTeX Warning: Citation `sublime' on page 29 undefined on input line 789.


LaTeX Warning: Citation `phpmyadmin' on page 29 undefined on input line 790.


LaTeX Warning: Citation `web' on page 29 undefined on input line 794.


Underfull \hbox (badness 10000) in paragraph at lines 794--795

 []


LaTeX Warning: Citation `web' on page 29 undefined on input line 795.


Underfull \hbox (badness 10000) in paragraph at lines 795--796

 []


LaTeX Warning: Citation `css' on page 29 undefined on input line 796.


Underfull \hbox (badness 10000) in paragraph at lines 796--797

 []


LaTeX Warning: Citation `web' on page 29 undefined on input line 797.


Underfull \hbox (badness 10000) in paragraph at lines 797--798

 []


Underfull \hbox (badness 10000) in paragraph at lines 798--799

 []


LaTeX Warning: Citation `jquery' on page 29 undefined on input line 799.


Underfull \hbox (badness 10000) in paragraph at lines 799--800

 []


LaTeX Warning: Citation `xml' on page 29 undefined on input line 800.


Underfull \hbox (badness 10000) in paragraph at lines 800--801

 []


Package fancyhdr Warning: \headheight is too small (12.0pt): 
(fancyhdr)                Make it at least 12.77002pt, for example:
(fancyhdr)                \setlength{\headheight}{12.77002pt}.
(fancyhdr)                You might also make \topmargin smaller to compensate:

(fancyhdr)                \addtolength{\topmargin}{-0.77002pt}.

[29]

Package fancyhdr Warning: \headheight is too small (12.0pt): 
(fancyhdr)                Make it at least 12.77002pt, for example:
(fancyhdr)                \setlength{\headheight}{12.77002pt}.
(fancyhdr)                You might also make \topmargin smaller to compensate:

(fancyhdr)                \addtolength{\topmargin}{-0.77002pt}.

[30]
Underfull \hbox (badness 10000) in paragraph at lines 836--838

 []


Underfull \hbox (badness 10000) in paragraph at lines 838--839

 []


Underfull \hbox (badness 10000) in paragraph at lines 839--840

 []


Underfull \hbox (badness 10000) in paragraph at lines 840--841

 []


Underfull \hbox (badness 10000) in paragraph at lines 841--842

 []


Underfull \hbox (badness 10000) in paragraph at lines 842--843

 []


Package fancyhdr Warning: \headheight is too small (12.0pt): 
(fancyhdr)                Make it at least 12.77002pt, for example:
(fancyhdr)                \setlength{\headheight}{12.77002pt}.
(fancyhdr)                You might also make \topmargin smaller to compensate:

(fancyhdr)                \addtolength{\topmargin}{-0.77002pt}.

[31]

Package fancyhdr Warning: \headheight is too small (12.0pt): 
(fancyhdr)                Make it at least 12.77002pt, for example:
(fancyhdr)                \setlength{\headheight}{12.77002pt}.
(fancyhdr)                You might also make \topmargin smaller to compensate:

(fancyhdr)                \addtolength{\topmargin}{-0.77002pt}.

[32]

Package fancyhdr Warning: \headheight is too small (12.0pt): 
(fancyhdr)                Make it at least 12.77002pt, for example:
(fancyhdr)                \setlength{\headheight}{12.77002pt}.
(fancyhdr)                You might also make \topmargin smaller to compensate:

(fancyhdr)                \addtolength{\topmargin}{-0.77002pt}.

[33]

Package fancyhdr Warning: \headheight is too small (12.0pt): 
(fancyhdr)                Make it at least 12.77002pt, for example:
(fancyhdr)                \setlength{\headheight}{12.77002pt}.
(fancyhdr)                You might also make \topmargin smaller to compensate:

(fancyhdr)                \addtolength{\topmargin}{-0.77002pt}.

[34]

Package fancyhdr Warning: \headheight is too small (12.0pt): 
(fancyhdr)                Make it at least 12.77002pt, for example:
(fancyhdr)                \setlength{\headheight}{12.77002pt}.
(fancyhdr)                You might also make \topmargin smaller to compensate:

(fancyhdr)                \addtolength{\topmargin}{-0.77002pt}.

[35]

Package fancyhdr Warning: \headheight is too small (12.0pt): 
(fancyhdr)                Make it at least 12.77002pt, for example:
(fancyhdr)                \setlength{\headheight}{12.77002pt}.
(fancyhdr)                You might also make \topmargin smaller to compensate:

(fancyhdr)                \addtolength{\topmargin}{-0.77002pt}.

[36]

Package fancyhdr Warning: \headheight is too small (12.0pt): 
(fancyhdr)                Make it at least 12.77002pt, for example:
(fancyhdr)                \setlength{\headheight}{12.77002pt}.
(fancyhdr)                You might also make \topmargin smaller to compensate:

(fancyhdr)                \addtolength{\topmargin}{-0.77002pt}.

[37]

Package fancyhdr Warning: \headheight is too small (12.0pt): 
(fancyhdr)                Make it at least 12.77002pt, for example:
(fancyhdr)                \setlength{\headheight}{12.77002pt}.
(fancyhdr)                You might also make \topmargin smaller to compensate:

(fancyhdr)                \addtolength{\topmargin}{-0.77002pt}.

[38]

Package fancyhdr Warning: \headheight is too small (12.0pt): 
(fancyhdr)                Make it at least 12.77002pt, for example:
(fancyhdr)                \setlength{\headheight}{12.77002pt}.
(fancyhdr)                You might also make \topmargin smaller to compensate:

(fancyhdr)                \addtolength{\topmargin}{-0.77002pt}.

[39]
Underfull \hbox (badness 10000) in paragraph at lines 1025--1026

 []

No file memoire.bbl.
[40

]
Annexe A.

LaTeX Warning: `!h' float specifier changed to `!ht'.


LaTeX Warning: `!h' float specifier changed to `!ht'.


LaTeX Warning: `!h' float specifier changed to `!ht'.


LaTeX Warning: `!h' float specifier changed to `!ht'.


LaTeX Warning: `!h' float specifier changed to `!ht'.


LaTeX Warning: `!h' float specifier changed to `!ht'.

[1

] [2] [3]
Annexe B.

LaTeX Warning: `!h' float specifier changed to `!ht'.


LaTeX Warning: `!h' float specifier changed to `!ht'.


LaTeX Warning: `!h' float specifier changed to `!ht'.


LaTeX Warning: `!h' float specifier changed to `!ht'.

[4

] [5] (memoire.aux)

LaTeX Warning: There were undefined references.


LaTeX Warning: There were multiply-defined labels.

Package rerunfilecheck Info: File `memoire.out' has not changed.
(rerunfilecheck)             Checksum: 6D4428FAEE46A81A5E586D01F318F480;10063.
 ) 
Here is how much of TeX's memory you used:
 15491 strings out of 476331
 246055 string characters out of 5789182
 1884660 words of memory out of 5000000
 35462 multiletter control sequences out of 15000+600000
 548405 words of font info for 97 fonts, out of 8000000 for 9000
 1141 hyphenation exceptions out of 8191
 75i,17n,76p,1348b,839s stack positions out of 10000i,1000n,20000p,200000b,200000s
<C:/Users/pc/AppData/Local/Programs/MiKTeX/fonts/type1/public/amsfonts/cm/cmr
10.pfb><C:/Users/pc/AppData/Local/Programs/MiKTeX/fonts/type1/public/amsfonts/c
m/cmsy10.pfb><C:/Users/pc/AppData/Local/Programs/MiKTeX/fonts/type1/public/lm/l
mbx12.pfb><C:/Users/pc/AppData/Local/Programs/MiKTeX/fonts/type1/public/lm/lmr1
2.pfb><C:/Users/pc/AppData/Local/Programs/MiKTeX/fonts/type1/public/lm/lmr17.pf
b><C:/Users/pc/AppData/Local/Programs/MiKTeX/fonts/type1/public/amsfonts/symbol
s/msam10.pfb><C:/Users/pc/AppData/Local/Programs/MiKTeX/fonts/type1/urw/helveti
c/uhvr8a.pfb><C:/Users/pc/AppData/Local/Programs/MiKTeX/fonts/type1/urw/palatin
o/uplb8a.pfb><C:/Users/pc/AppData/Local/Programs/MiKTeX/fonts/type1/urw/palatin
o/uplbi8a.pfb><C:/Users/pc/AppData/Local/Programs/MiKTeX/fonts/type1/urw/palati
no/uplr8a.pfb><C:/Users/pc/AppData/Local/Programs/MiKTeX/fonts/type1/urw/palati
no/uplri8a.pfb><C:/Users/pc/AppData/Local/Programs/MiKTeX/fonts/type1/urw/times
/utmr8a.pfb>
Output written on memoire.pdf (51 pages, 1527063 bytes).
PDF statistics:
 734 PDF objects out of 1000 (max. 8388607)
 181 named destinations out of 1000 (max. 500000)
 532 words of extra memory for PDF output out of 10000 (max. 10000000)

